<?xml version="1.0" encoding="UTF-8"?>
<testsuite name="todoApp.MainTest" tests="1" skipped="0" failures="0" errors="0" timestamp="2022-11-29T19:55:30" hostname="ADM" time="0.146">
  <properties/>
  <testcase name="appHasAGreeting()" classname="todoApp.MainTest" time="0.146"/>
  <system-out><![CDATA[]]></system-out>
  <system-err><![CDATA[]]></system-err>
</testsuite>
